<?xml version="1.0" encoding="UTF-8"?>
<testng-results ignored="0" total="1" passed="1" failed="0" skipped="0">
  <reporter-output>
  </reporter-output>
  <suite started-at="2024-08-07T23:09:38 IST" name="Default suite" finished-at="2024-08-07T23:09:42 IST" duration-ms="4190">
    <groups>
    </groups>
    <test started-at="2024-08-07T23:09:38 IST" name="Default test" finished-at="2024-08-07T23:09:42 IST" duration-ms="4190">
      <class name="tests.TestsExamples">
        <test-method signature="test_1()[pri:0, instance:tests.TestsExamples@47d9a273]" started-at="2024-08-07T23:09:38 IST" name="test_1" finished-at="2024-08-07T23:09:42 IST" duration-ms="4097" status="PASS">
          <reporter-output>
          </reporter-output>
        </test-method> <!-- test_1 -->
      </class> <!-- tests.TestsExamples -->
    </test> <!-- Default test -->
  </suite> <!-- Default suite -->
</testng-results>
