<?xml version="1.0" encoding="UTF-8"?>
<testng-results ignored="0" total="1" passed="1" failed="0" skipped="0">
  <reporter-output>
  </reporter-output>
  <suite started-at="2024-08-08T00:46:41 IST" name="Default suite" finished-at="2024-08-08T00:46:46 IST" duration-ms="4822">
    <groups>
    </groups>
    <test started-at="2024-08-08T00:46:41 IST" name="Default test" finished-at="2024-08-08T00:46:46 IST" duration-ms="4822">
      <class name="tests.GetAndPostExamples">
        <test-method signature="testPost()[pri:0, instance:tests.GetAndPostExamples@4659191b]" started-at="2024-08-08T00:46:41 IST" name="testPost" finished-at="2024-08-08T00:46:46 IST" duration-ms="4726" status="PASS">
          <reporter-output>
          </reporter-output>
        </test-method> <!-- testPost -->
      </class> <!-- tests.GetAndPostExamples -->
    </test> <!-- Default test -->
  </suite> <!-- Default suite -->
</testng-results>
