<?xml version="1.0" encoding="UTF-8"?>
<!-- Generated by org.testng.reporters.JUnitXMLReporter -->
<testsuite ignored="0" hostname="DESKTOP-9HG1TI6" failures="0" tests="3" name="Default test" time="6.662" errors="0" timestamp="2024-08-08T20:34:25 IST">
  <testcase classname="tests.PutPatchDeleteExamples" name="testDelete" time="4.958"/>
  <testcase classname="tests.PutPatchDeleteExamples" name="testPatch" time="0.88"/>
  <testcase classname="tests.PutPatchDeleteExamples" name="testPut" time="0.751"/>
</testsuite> <!-- Default test -->
